<?xml version="1.0" encoding="UTF-8"?>
<robot generator="Robot 6.1.1 (Python 3.10.12 on linux)" generated="20241001 10:38:31.087" rpa="false" schemaversion="4">
<suite id="s1" name="Main file" source="/home/vvdn30016/PycharmProjects/MSP/VVDN_Icon_Aug_13/VVDN_Icon/TestCases/Main_file.robot">
<kw name="Open My Browser" library="inital_setup" type="SETUP">
<kw name="Setup Chrome Driver" library="setup">
<msg timestamp="20241001 10:38:31.276" level="INFO">====== WebDriver manager ======</msg>
<msg timestamp="20241001 10:38:31.338" level="INFO">Get LATEST chromedriver version for google-chrome</msg>
<msg timestamp="20241001 10:38:31.855" level="INFO">Get LATEST chromedriver version for google-chrome</msg>
<msg timestamp="20241001 10:38:32.084" level="INFO">Driver [/home/vvdn30016/.wdm/drivers/chromedriver/linux64/128.0.6613.137/chromedriver-linux64/chromedriver] found in cache</msg>
<status status="PASS" starttime="20241001 10:38:31.276" endtime="20241001 10:38:32.961"/>
</kw>
<kw name="Go To" library="SeleniumLibrary">
<arg>${url}</arg>
<doc>Navigates the current browser window to the provided ``url``.</doc>
<msg timestamp="20241001 10:38:32.961" level="INFO">Opening url 'https://ice2.vvdnice.com/'</msg>
<status status="PASS" starttime="20241001 10:38:32.961" endtime="20241001 10:38:37.753"/>
</kw>
<kw name="Maximize Browser Window" library="SeleniumLibrary">
<doc>Maximizes current browser window.</doc>
<status status="PASS" starttime="20241001 10:38:37.753" endtime="20241001 10:38:37.766"/>
</kw>
<kw name="Wait Until Page Contains Element" library="SeleniumLibrary">
<arg>${verify_login_page_1}</arg>
<doc>Waits until the element ``locator`` appears on the current page.</doc>
<status status="PASS" starttime="20241001 10:38:37.766" endtime="20241001 10:38:38.248"/>
</kw>
<status status="PASS" starttime="20241001 10:38:31.275" endtime="20241001 10:38:38.249"/>
</kw>
<test id="s1-t1" name="Tc_1 Login" line="17">
<kw name="Set Selenium Speed" library="SeleniumLibrary">
<arg>1</arg>
<doc>Sets the delay that is waited after each Selenium command.</doc>
<status status="PASS" starttime="20241001 10:38:38.249" endtime="20241001 10:38:38.250"/>
</kw>
<kw name="Login_cases_to_dashboard" library="Login_cases">
<kw name="Wait Until Element Is Visible" library="SeleniumLibrary">
<arg>${UserName_xpath}</arg>
<doc>Waits until the element ``locator`` is visible.</doc>
<status status="PASS" starttime="20241001 10:38:38.250" endtime="20241001 10:38:40.287"/>
</kw>
<kw name="Input Text" library="SeleniumLibrary">
<arg>${UserName_xpath}</arg>
<arg>${User_name}</arg>
<doc>Types the given ``text`` into the text field identified by ``locator``.</doc>
<msg timestamp="20241001 10:38:40.288" level="INFO">Typing text 'tenant@vvdntech.in' into text field '//input[@id="username-input"]'.</msg>
<status status="PASS" starttime="20241001 10:38:40.287" endtime="20241001 10:38:43.423"/>
</kw>
<kw name="Wait Until Element Is Visible" library="SeleniumLibrary">
<arg>${Passward_xpath}</arg>
<doc>Waits until the element ``locator`` is visible.</doc>
<status status="PASS" starttime="20241001 10:38:43.423" endtime="20241001 10:38:45.465"/>
</kw>
<kw name="Input Password" library="SeleniumLibrary">
<arg>${Passward_xpath}</arg>
<arg>${Password}</arg>
<doc>Types the given password into the text field identified by ``locator``.</doc>
<msg timestamp="20241001 10:38:45.468" level="INFO">Typing password into text field '//input[@id="password-input"]'.</msg>
<msg timestamp="20241001 10:38:47.540" level="INFO">Temporally setting log level to: NONE</msg>
<msg timestamp="20241001 10:38:48.595" level="INFO">Log level changed from NONE to INFO.</msg>
<status status="PASS" starttime="20241001 10:38:45.466" endtime="20241001 10:38:48.595"/>
</kw>
<kw name="Click Element" library="SeleniumLibrary">
<arg>${Login_button}</arg>
<doc>Click the element identified by ``locator``.</doc>
<msg timestamp="20241001 10:38:48.597" level="INFO">Clicking element '//span[text()="Login"]'.</msg>
<status status="PASS" starttime="20241001 10:38:48.596" endtime="20241001 10:38:50.691"/>
</kw>
<kw name="Wait Until Page Contains Element" library="SeleniumLibrary">
<arg>${Verify_Login}</arg>
<arg>1000</arg>
<doc>Waits until the element ``locator`` appears on the current page.</doc>
<status status="PASS" starttime="20241001 10:38:50.691" endtime="20241001 10:38:52.921"/>
</kw>
<status status="PASS" starttime="20241001 10:38:38.250" endtime="20241001 10:38:52.922"/>
</kw>
<status status="PASS" starttime="20241001 10:38:38.249" endtime="20241001 10:38:52.922"/>
</test>
<test id="s1-t2" name="Tc_2 Create Customer" line="65">
<kw name="Open Customer" library="Customer_creation_delete">
<doc>Navigate to the Customer section and ensure it is loaded.</doc>
<kw name="Log" library="BuiltIn">
<arg>Opening Customer Section</arg>
<arg>${log_level}</arg>
<doc>Logs the given message with the given level.</doc>
<msg timestamp="20241001 10:38:52.923" level="INFO">Opening Customer Section</msg>
<status status="PASS" starttime="20241001 10:38:52.923" endtime="20241001 10:38:52.923"/>
</kw>
<kw name="Log To Console" library="BuiltIn">
<arg>Opening Customer Section</arg>
<doc>Logs the given message to the console.</doc>
<status status="PASS" starttime="20241001 10:38:52.923" endtime="20241001 10:38:52.923"/>
</kw>
<kw name="Click Element" library="SeleniumLibrary">
<arg>${Customers}</arg>
<doc>Click the element identified by ``locator``.</doc>
<msg timestamp="20241001 10:38:52.924" level="INFO">Clicking element '//span[text()='Customers']'.</msg>
<status status="PASS" starttime="20241001 10:38:52.923" endtime="20241001 10:38:55.079"/>
</kw>
<status status="PASS" starttime="20241001 10:38:52.922" endtime="20241001 10:38:55.079"/>
</kw>
<kw name="Create Customer" library="Customer_creation_delete">
<doc>To create a new customer.</doc>
<kw name="Log" library="BuiltIn">
<arg>Creating a new customer</arg>
<arg>${log_level}</arg>
<doc>Logs the given message with the given level.</doc>
<msg timestamp="20241001 10:38:55.082" level="INFO">Creating a new customer</msg>
<status status="PASS" starttime="20241001 10:38:55.082" endtime="20241001 10:38:55.082"/>
</kw>
<kw name="Log To Console" library="BuiltIn">
<arg>Creating a new customer</arg>
<doc>Logs the given message to the console.</doc>
<status status="PASS" starttime="20241001 10:38:55.083" endtime="20241001 10:38:55.084"/>
</kw>
<kw name="Click Element" library="SeleniumLibrary">
<arg>${add_customer}</arg>
<doc>Click the element identified by ``locator``.</doc>
<msg timestamp="20241001 10:38:55.084" level="INFO">Clicking element '//button[@aria-describedby='cdk-describedby-message-7']'.</msg>
<status status="PASS" starttime="20241001 10:38:55.084" endtime="20241001 10:38:57.238"/>
</kw>
<kw name="Log" library="BuiltIn">
<arg>Clicking title input field</arg>
<arg>${log_level}</arg>
<doc>Logs the given message with the given level.</doc>
<msg timestamp="20241001 10:38:57.240" level="INFO">Clicking title input field</msg>
<status status="PASS" starttime="20241001 10:38:57.239" endtime="20241001 10:38:57.240"/>
</kw>
<kw name="Log To Console" library="BuiltIn">
<arg>Clicking title input field</arg>
<doc>Logs the given message to the console.</doc>
<status status="PASS" starttime="20241001 10:38:57.241" endtime="20241001 10:38:57.241"/>
</kw>
<kw name="Click Element" library="SeleniumLibrary">
<arg>${title_input_field}</arg>
<doc>Click the element identified by ``locator``.</doc>
<msg timestamp="20241001 10:38:57.243" level="INFO">Clicking element '//input[@formcontrolname='title']'.</msg>
<status status="PASS" starttime="20241001 10:38:57.242" endtime="20241001 10:38:59.333"/>
</kw>
<kw name="Log" library="BuiltIn">
<arg>Inputting customer title</arg>
<arg>${log_level}</arg>
<doc>Logs the given message with the given level.</doc>
<msg timestamp="20241001 10:38:59.334" level="INFO">Inputting customer title</msg>
<status status="PASS" starttime="20241001 10:38:59.333" endtime="20241001 10:38:59.334"/>
</kw>
<kw name="Log To Console" library="BuiltIn">
<arg>Inputting customer title</arg>
<doc>Logs the given message to the console.</doc>
<status status="PASS" starttime="20241001 10:38:59.335" endtime="20241001 10:38:59.335"/>
</kw>
<kw name="Input Text" library="SeleniumLibrary">
<arg>${title_input_field}</arg>
<arg>${customer_created_title_name}</arg>
<doc>Types the given ``text`` into the text field identified by ``locator``.</doc>
<msg timestamp="20241001 10:38:59.337" level="INFO">Typing text 'Jon Doe' into text field '//input[@formcontrolname='title']'.</msg>
<status status="PASS" starttime="20241001 10:38:59.336" endtime="20241001 10:39:02.445"/>
</kw>
<kw name="Log" library="BuiltIn">
<arg>Inputting description</arg>
<arg>${log_level}</arg>
<doc>Logs the given message with the given level.</doc>
<msg timestamp="20241001 10:39:02.446" level="INFO">Inputting description</msg>
<status status="PASS" starttime="20241001 10:39:02.445" endtime="20241001 10:39:02.446"/>
</kw>
<kw name="Log To Console" library="BuiltIn">
<arg>Inputting description</arg>
<doc>Logs the given message to the console.</doc>
<status status="PASS" starttime="20241001 10:39:02.447" endtime="20241001 10:39:02.447"/>
</kw>
<kw name="Click Element" library="SeleniumLibrary">
<arg>${description_input_field}</arg>
<doc>Click the element identified by ``locator``.</doc>
<msg timestamp="20241001 10:39:02.449" level="INFO">Clicking element '//textarea[@formcontrolname='description']'.</msg>
<status status="PASS" starttime="20241001 10:39:02.448" endtime="20241001 10:39:04.539"/>
</kw>
<kw name="Input Text" library="SeleniumLibrary">
<arg>${description_input_field}</arg>
<arg>test description</arg>
<doc>Types the given ``text`` into the text field identified by ``locator``.</doc>
<msg timestamp="20241001 10:39:04.542" level="INFO">Typing text 'test description' into text field '//textarea[@formcontrolname='description']'.</msg>
<status status="PASS" starttime="20241001 10:39:04.540" endtime="20241001 10:39:07.668"/>
</kw>
<kw name="Log" library="BuiltIn">
<arg>Selecting country</arg>
<arg>${log_level}</arg>
<doc>Logs the given message with the given level.</doc>
<msg timestamp="20241001 10:39:07.670" level="INFO">Selecting country</msg>
<status status="PASS" starttime="20241001 10:39:07.669" endtime="20241001 10:39:07.670"/>
</kw>
<kw name="Log To Console" library="BuiltIn">
<arg>Selecting country</arg>
<doc>Logs the given message to the console.</doc>
<status status="PASS" starttime="20241001 10:39:07.670" endtime="20241001 10:39:07.671"/>
</kw>
<kw name="Click Element" library="SeleniumLibrary">
<arg>${country_selection}</arg>
<doc>Click the element identified by ``locator``.</doc>
<msg timestamp="20241001 10:39:07.672" level="INFO">Clicking element '(//mat-select[@formcontrolname='country'])[1]'.</msg>
<status status="PASS" starttime="20241001 10:39:07.671" endtime="20241001 10:39:09.789"/>
</kw>
<kw name="Click Element" library="SeleniumLibrary">
<arg>${random_country_xpath}</arg>
<doc>Click the element identified by ``locator``.</doc>
<msg timestamp="20241001 10:39:09.791" level="INFO">Clicking element '//span[text()=' Afghanistan ']'.</msg>
<status status="PASS" starttime="20241001 10:39:09.789" endtime="20241001 10:39:11.877"/>
</kw>
<kw name="Log" library="BuiltIn">
<arg>Inputting city</arg>
<arg>${log_level}</arg>
<doc>Logs the given message with the given level.</doc>
<msg timestamp="20241001 10:39:11.879" level="INFO">Inputting city</msg>
<status status="PASS" starttime="20241001 10:39:11.878" endtime="20241001 10:39:11.879"/>
</kw>
<kw name="Log To Console" library="BuiltIn">
<arg>Inputting city</arg>
<doc>Logs the given message to the console.</doc>
<status status="PASS" starttime="20241001 10:39:11.879" endtime="20241001 10:39:11.880"/>
</kw>
<kw name="Click Element" library="SeleniumLibrary">
<arg>${city_input_field}</arg>
<doc>Click the element identified by ``locator``.</doc>
<msg timestamp="20241001 10:39:11.881" level="INFO">Clicking element '//input[@formcontrolname='city']'.</msg>
<status status="PASS" starttime="20241001 10:39:11.880" endtime="20241001 10:39:13.977"/>
</kw>
<kw name="Input Text" library="SeleniumLibrary">
<arg>${city_input_field}</arg>
<arg>Herat</arg>
<doc>Types the given ``text`` into the text field identified by ``locator``.</doc>
<msg timestamp="20241001 10:39:13.979" level="INFO">Typing text 'Herat' into text field '//input[@formcontrolname='city']'.</msg>
<status status="PASS" starttime="20241001 10:39:13.977" endtime="20241001 10:39:17.062"/>
</kw>
<kw name="Log" library="BuiltIn">
<arg>Inputting state</arg>
<arg>${log_level}</arg>
<doc>Logs the given message with the given level.</doc>
<msg timestamp="20241001 10:39:17.062" level="INFO">Inputting state</msg>
<status status="PASS" starttime="20241001 10:39:17.062" endtime="20241001 10:39:17.062"/>
</kw>
<kw name="Log To Console" library="BuiltIn">
<arg>Inputting state</arg>
<doc>Logs the given message to the console.</doc>
<status status="PASS" starttime="20241001 10:39:17.062" endtime="20241001 10:39:17.063"/>
</kw>
<kw name="Click Element" library="SeleniumLibrary">
<arg>${state_province_input_field}</arg>
<doc>Click the element identified by ``locator``.</doc>
<msg timestamp="20241001 10:39:17.063" level="INFO">Clicking element '//input[@formcontrolname='state']'.</msg>
<status status="PASS" starttime="20241001 10:39:17.063" endtime="20241001 10:39:19.146"/>
</kw>
<kw name="Input Text" library="SeleniumLibrary">
<arg>${state_province_input_field}</arg>
<arg>Farah</arg>
<doc>Types the given ``text`` into the text field identified by ``locator``.</doc>
<msg timestamp="20241001 10:39:19.148" level="INFO">Typing text 'Farah' into text field '//input[@formcontrolname='state']'.</msg>
<status status="PASS" starttime="20241001 10:39:19.147" endtime="20241001 10:39:22.246"/>
</kw>
<kw name="Log" library="BuiltIn">
<arg>Inputting postal code</arg>
<arg>${log_level}</arg>
<doc>Logs the given message with the given level.</doc>
<msg timestamp="20241001 10:39:22.248" level="INFO">Inputting postal code</msg>
<status status="PASS" starttime="20241001 10:39:22.247" endtime="20241001 10:39:22.248"/>
</kw>
<kw name="Log To Console" library="BuiltIn">
<arg>Inputting postal code</arg>
<doc>Logs the given message to the console.</doc>
<status status="PASS" starttime="20241001 10:39:22.249" endtime="20241001 10:39:22.249"/>
</kw>
<kw name="Click Element" library="SeleniumLibrary">
<arg>${zip_postalcode_input_field}</arg>
<doc>Click the element identified by ``locator``.</doc>
<msg timestamp="20241001 10:39:22.250" level="INFO">Clicking element '//input[@formcontrolname='zip']'.</msg>
<status status="PASS" starttime="20241001 10:39:22.249" endtime="20241001 10:39:24.347"/>
</kw>
<kw name="Input Text" library="SeleniumLibrary">
<arg>${zip_postalcode_input_field}</arg>
<arg>123456</arg>
<doc>Types the given ``text`` into the text field identified by ``locator``.</doc>
<msg timestamp="20241001 10:39:24.349" level="INFO">Typing text '123456' into text field '//input[@formcontrolname='zip']'.</msg>
<status status="PASS" starttime="20241001 10:39:24.348" endtime="20241001 10:39:27.446"/>
</kw>
<kw name="Log" library="BuiltIn">
<arg>Inputting address</arg>
<arg>${log_level}</arg>
<doc>Logs the given message with the given level.</doc>
<msg timestamp="20241001 10:39:27.448" level="INFO">Inputting address</msg>
<status status="PASS" starttime="20241001 10:39:27.447" endtime="20241001 10:39:27.448"/>
</kw>
<kw name="Log To Console" library="BuiltIn">
<arg>Inputting address</arg>
<doc>Logs the given message to the console.</doc>
<status status="PASS" starttime="20241001 10:39:27.448" endtime="20241001 10:39:27.449"/>
</kw>
<kw name="Click Element" library="SeleniumLibrary">
<arg>${address1_input_field}</arg>
<doc>Click the element identified by ``locator``.</doc>
<msg timestamp="20241001 10:39:27.450" level="INFO">Clicking element '//input[@formcontrolname='address']'.</msg>
<status status="PASS" starttime="20241001 10:39:27.449" endtime="20241001 10:39:29.547"/>
</kw>
<kw name="Input Text" library="SeleniumLibrary">
<arg>${address1_input_field}</arg>
<arg>123 main st</arg>
<doc>Types the given ``text`` into the text field identified by ``locator``.</doc>
<msg timestamp="20241001 10:39:29.549" level="INFO">Typing text '123 main st' into text field '//input[@formcontrolname='address']'.</msg>
<status status="PASS" starttime="20241001 10:39:29.547" endtime="20241001 10:39:32.667"/>
</kw>
<kw name="Log" library="BuiltIn">
<arg>Inputting phone number</arg>
<arg>${log_level}</arg>
<doc>Logs the given message with the given level.</doc>
<msg timestamp="20241001 10:39:32.668" level="INFO">Inputting phone number</msg>
<status status="PASS" starttime="20241001 10:39:32.668" endtime="20241001 10:39:32.669"/>
</kw>
<kw name="Log To Console" library="BuiltIn">
<arg>Inputting phone number</arg>
<doc>Logs the given message to the console.</doc>
<status status="PASS" starttime="20241001 10:39:32.669" endtime="20241001 10:39:32.669"/>
</kw>
<kw name="Click Element" library="SeleniumLibrary">
<arg>${phone_number_input_field}</arg>
<doc>Click the element identified by ``locator``.</doc>
<msg timestamp="20241001 10:39:32.670" level="INFO">Clicking element '//input[@formcontrolname='phoneNumber']'.</msg>
<status status="PASS" starttime="20241001 10:39:32.669" endtime="20241001 10:39:34.769"/>
</kw>
<kw name="Input Text" library="SeleniumLibrary">
<arg>${phone_number_input_field}</arg>
<arg>+12015550123</arg>
<doc>Types the given ``text`` into the text field identified by ``locator``.</doc>
<msg timestamp="20241001 10:39:34.772" level="INFO">Typing text '+12015550123' into text field '//input[@formcontrolname='phoneNumber']'.</msg>
<status status="PASS" starttime="20241001 10:39:34.770" endtime="20241001 10:39:37.949"/>
</kw>
<kw name="Log" library="BuiltIn">
<arg>Inputting email</arg>
<arg>${log_level}</arg>
<doc>Logs the given message with the given level.</doc>
<msg timestamp="20241001 10:39:37.951" level="INFO">Inputting email</msg>
<status status="PASS" starttime="20241001 10:39:37.950" endtime="20241001 10:39:37.952"/>
</kw>
<kw name="Log To Console" library="BuiltIn">
<arg>Inputting email</arg>
<doc>Logs the given message to the console.</doc>
<status status="PASS" starttime="20241001 10:39:37.952" endtime="20241001 10:39:37.953"/>
</kw>
<kw name="Click Element" library="SeleniumLibrary">
<arg>${email_input_field}</arg>
<doc>Click the element identified by ``locator``.</doc>
<msg timestamp="20241001 10:39:37.954" level="INFO">Clicking element '//input[@formcontrolname='email']'.</msg>
<status status="PASS" starttime="20241001 10:39:37.953" endtime="20241001 10:39:40.031"/>
</kw>
<kw name="Input Text" library="SeleniumLibrary">
<arg>${email_input_field}</arg>
<arg>test@vvdntest.com</arg>
<doc>Types the given ``text`` into the text field identified by ``locator``.</doc>
<msg timestamp="20241001 10:39:40.033" level="INFO">Typing text 'test@vvdntest.com' into text field '//input[@formcontrolname='email']'.</msg>
<status status="PASS" starttime="20241001 10:39:40.032" endtime="20241001 10:39:43.170"/>
</kw>
<kw name="Log" library="BuiltIn">
<arg>Clicking submit button (using JavaScript)</arg>
<arg>${log_level}</arg>
<doc>Logs the given message with the given level.</doc>
<msg timestamp="20241001 10:39:43.171" level="INFO">Clicking submit button (using JavaScript)</msg>
<status status="PASS" starttime="20241001 10:39:43.171" endtime="20241001 10:39:43.172"/>
</kw>
<kw name="Log To Console" library="BuiltIn">
<arg>Clicking submit button (using JavaScript)</arg>
<doc>Logs the given message to the console.</doc>
<status status="PASS" starttime="20241001 10:39:43.172" endtime="20241001 10:39:43.172"/>
</kw>
<kw name="Execute Javascript" library="SeleniumLibrary">
<arg>Array.from(document.querySelectorAll('button.mat-primary')).find(el =&gt; el.textContent.includes(' Add ')).click()</arg>
<doc>Executes the given JavaScript code with possible arguments.</doc>
<msg timestamp="20241001 10:39:43.174" level="INFO">Executing JavaScript:
Array.from(document.querySelectorAll('button.mat-primary')).find(el =&gt; el.textContent.includes(' Add ')).click()
Without any arguments.</msg>
<status status="PASS" starttime="20241001 10:39:43.173" endtime="20241001 10:39:44.216"/>
</kw>
<status status="PASS" starttime="20241001 10:38:55.080" endtime="20241001 10:39:44.217"/>
</kw>
<status status="PASS" starttime="20241001 10:38:52.922" endtime="20241001 10:39:44.218"/>
</test>
<test id="s1-t3" name="Tc_3 Search Customer" line="69">
<kw name="Search Customer" library="Customer_creation_delete">
<doc>Search for a customer by name.</doc>
<kw name="Log" library="BuiltIn">
<arg>Searching for customer</arg>
<arg>${log_level}</arg>
<doc>Logs the given message with the given level.</doc>
<msg timestamp="20241001 10:39:44.224" level="INFO">Searching for customer</msg>
<status status="PASS" starttime="20241001 10:39:44.222" endtime="20241001 10:39:44.224"/>
</kw>
<kw name="Log To Console" library="BuiltIn">
<arg>Searching for customer</arg>
<doc>Logs the given message to the console.</doc>
<status status="PASS" starttime="20241001 10:39:44.225" endtime="20241001 10:39:44.226"/>
</kw>
<kw name="Sleep" library="BuiltIn">
<arg>2s</arg>
<doc>Pauses the test executed for the given time.</doc>
<msg timestamp="20241001 10:39:46.228" level="INFO">Slept 2 seconds</msg>
<status status="PASS" starttime="20241001 10:39:44.226" endtime="20241001 10:39:46.228"/>
</kw>
<kw name="Reload Page" library="SeleniumLibrary">
<doc>Simulates user reloading page.</doc>
<status status="PASS" starttime="20241001 10:39:46.228" endtime="20241001 10:39:48.158"/>
</kw>
<kw name="Log" library="BuiltIn">
<arg>Waiting for search button</arg>
<arg>${log_level}</arg>
<doc>Logs the given message with the given level.</doc>
<msg timestamp="20241001 10:39:48.158" level="INFO">Waiting for search button</msg>
<status status="PASS" starttime="20241001 10:39:48.158" endtime="20241001 10:39:48.158"/>
</kw>
<kw name="Log To Console" library="BuiltIn">
<arg>Waiting for search button</arg>
<doc>Logs the given message to the console.</doc>
<status status="PASS" starttime="20241001 10:39:48.158" endtime="20241001 10:39:48.159"/>
</kw>
<kw name="Wait Until Page Contains Element" library="SeleniumLibrary">
<arg>${search_button_on_customer_page}</arg>
<doc>Waits until the element ``locator`` appears on the current page.</doc>
<status status="PASS" starttime="20241001 10:39:48.159" endtime="20241001 10:39:49.177"/>
</kw>
<kw name="Click Element" library="SeleniumLibrary">
<arg>${search_button_on_customer_page}</arg>
<doc>Click the element identified by ``locator``.</doc>
<msg timestamp="20241001 10:39:49.179" level="INFO">Clicking element '(//button/span[@class='mat-button-wrapper'])[8]'.</msg>
<status status="PASS" starttime="20241001 10:39:49.177" endtime="20241001 10:39:51.281"/>
</kw>
<kw name="Log" library="BuiltIn">
<arg>Inputting customer name in search</arg>
<arg>${log_level}</arg>
<doc>Logs the given message with the given level.</doc>
<msg timestamp="20241001 10:39:51.282" level="INFO">Inputting customer name in search</msg>
<status status="PASS" starttime="20241001 10:39:51.281" endtime="20241001 10:39:51.282"/>
</kw>
<kw name="Log To Console" library="BuiltIn">
<arg>Inputting customer name in search</arg>
<doc>Logs the given message to the console.</doc>
<status status="PASS" starttime="20241001 10:39:51.283" endtime="20241001 10:39:51.283"/>
</kw>
<kw name="Click Element" library="SeleniumLibrary">
<arg>${search_customer_input_field}</arg>
<doc>Click the element identified by ``locator``.</doc>
<msg timestamp="20241001 10:39:51.285" level="INFO">Clicking element '//input[@data-placeholder='Search customers']'.</msg>
<status status="PASS" starttime="20241001 10:39:51.284" endtime="20241001 10:39:53.378"/>
</kw>
<kw name="Input Text" library="SeleniumLibrary">
<arg>${search_customer_input_field}</arg>
<arg>${customer_created_title_name}</arg>
<doc>Types the given ``text`` into the text field identified by ``locator``.</doc>
<msg timestamp="20241001 10:39:53.381" level="INFO">Typing text 'Jon Doe' into text field '//input[@data-placeholder='Search customers']'.</msg>
<status status="PASS" starttime="20241001 10:39:53.379" endtime="20241001 10:39:56.502"/>
</kw>
<kw name="Wait Until Page Contains Element" library="SeleniumLibrary">
<arg>//span[text()="${customer_created_title_name}"]</arg>
<doc>Waits until the element ``locator`` appears on the current page.</doc>
<status status="PASS" starttime="20241001 10:39:56.503" endtime="20241001 10:39:57.527"/>
</kw>
<status status="PASS" starttime="20241001 10:39:44.221" endtime="20241001 10:39:57.527"/>
</kw>
<status status="PASS" starttime="20241001 10:39:44.219" endtime="20241001 10:39:57.528"/>
</test>
<test id="s1-t4" name="Tc_4 Delete Customer" line="72">
<kw name="Delete Customer" library="Customer_creation_delete">
<doc>Delete a customer by name.</doc>
<kw name="Log" library="BuiltIn">
<arg>Deleting customer</arg>
<arg>${log_level}</arg>
<doc>Logs the given message with the given level.</doc>
<msg timestamp="20241001 10:39:57.531" level="INFO">Deleting customer</msg>
<status status="PASS" starttime="20241001 10:39:57.530" endtime="20241001 10:39:57.531"/>
</kw>
<kw name="Log To Console" library="BuiltIn">
<arg>Deleting customer</arg>
<doc>Logs the given message to the console.</doc>
<status status="PASS" starttime="20241001 10:39:57.531" endtime="20241001 10:39:57.532"/>
</kw>
<kw name="Click Element" library="SeleniumLibrary">
<arg>${delete_button_on_customer_page}</arg>
<doc>Click the element identified by ``locator``.</doc>
<msg timestamp="20241001 10:39:57.532" level="INFO">Clicking element '(//button[@class='mat-focus-indicator mat-icon-button mat-button-base ng-star-inserted'])[6]'.</msg>
<status status="PASS" starttime="20241001 10:39:57.532" endtime="20241001 10:39:59.643"/>
</kw>
<kw name="Sleep" library="BuiltIn">
<arg>2s</arg>
<doc>Pauses the test executed for the given time.</doc>
<msg timestamp="20241001 10:40:01.644" level="INFO">Slept 2 seconds</msg>
<status status="PASS" starttime="20241001 10:39:59.643" endtime="20241001 10:40:01.645"/>
</kw>
<kw name="Log" library="BuiltIn">
<arg>Confirming delete in popup</arg>
<arg>${log_level}</arg>
<doc>Logs the given message with the given level.</doc>
<msg timestamp="20241001 10:40:01.646" level="INFO">Confirming delete in popup</msg>
<status status="PASS" starttime="20241001 10:40:01.645" endtime="20241001 10:40:01.646"/>
</kw>
<kw name="Log To Console" library="BuiltIn">
<arg>Confirming delete in popup</arg>
<doc>Logs the given message to the console.</doc>
<status status="PASS" starttime="20241001 10:40:01.647" endtime="20241001 10:40:01.647"/>
</kw>
<kw name="Wait Until Page Contains Element" library="SeleniumLibrary">
<arg>${delete_button_pop_up_yes}</arg>
<doc>Waits until the element ``locator`` appears on the current page.</doc>
<status status="PASS" starttime="20241001 10:40:01.647" endtime="20241001 10:40:02.671"/>
</kw>
<kw name="Click Element" library="SeleniumLibrary">
<arg>${delete_button_pop_up_yes}</arg>
<doc>Click the element identified by ``locator``.</doc>
<msg timestamp="20241001 10:40:02.672" level="INFO">Clicking element '//span[text()='Yes']'.</msg>
<status status="PASS" starttime="20241001 10:40:02.671" endtime="20241001 10:40:04.751"/>
</kw>
<status status="PASS" starttime="20241001 10:39:57.530" endtime="20241001 10:40:04.751"/>
</kw>
<status status="PASS" starttime="20241001 10:39:57.529" endtime="20241001 10:40:04.751"/>
</test>
<test id="s1-t5" name="Tc_3 Logout_feature testing and verification" line="76">
<kw name="Logout_option" library="Logout_functionality">
<kw name="Click Element" library="SeleniumLibrary">
<arg>${dropdown_account_for_logout}</arg>
<doc>Click the element identified by ``locator``.</doc>
<msg timestamp="20241001 10:40:04.752" level="INFO">Clicking element '(//mat-icon[@role='img'])[5]'.</msg>
<status status="PASS" starttime="20241001 10:40:04.752" endtime="20241001 10:40:06.826"/>
</kw>
<kw name="Wait Until Page Contains Element" library="SeleniumLibrary">
<arg>${logout}</arg>
<doc>Waits until the element ``locator`` appears on the current page.</doc>
<status status="PASS" starttime="20241001 10:40:06.827" endtime="20241001 10:40:07.852"/>
</kw>
<kw name="Click Element" library="SeleniumLibrary">
<arg>${logout}</arg>
<doc>Click the element identified by ``locator``.</doc>
<msg timestamp="20241001 10:40:07.854" level="INFO">Clicking element '//span[text()='Logout']'.</msg>
<status status="PASS" starttime="20241001 10:40:07.853" endtime="20241001 10:40:09.941"/>
</kw>
<kw name="Wait Until Page Contains" library="SeleniumLibrary">
<arg>Login</arg>
<doc>Waits until ``text`` appears on the current page.</doc>
<status status="PASS" starttime="20241001 10:40:09.942" endtime="20241001 10:40:10.955"/>
</kw>
<status status="PASS" starttime="20241001 10:40:04.752" endtime="20241001 10:40:10.956"/>
</kw>
<status status="PASS" starttime="20241001 10:40:04.751" endtime="20241001 10:40:10.956"/>
</test>
<kw name="Closing the browser" library="inital_setup" type="TEARDOWN">
<kw name="Close Browser" library="SeleniumLibrary">
<doc>Closes the current browser.</doc>
<status status="PASS" starttime="20241001 10:40:10.959" endtime="20241001 10:40:12.019"/>
</kw>
<status status="PASS" starttime="20241001 10:40:10.958" endtime="20241001 10:40:12.019"/>
</kw>
<status status="PASS" starttime="20241001 10:38:31.087" endtime="20241001 10:40:12.019"/>
</suite>
<statistics>
<total>
<stat pass="5" fail="0" skip="0">All Tests</stat>
</total>
<tag>
</tag>
<suite>
<stat pass="5" fail="0" skip="0" id="s1" name="Main file">Main file</stat>
</suite>
</statistics>
<errors>
</errors>
</robot>
