<?xml version="1.0" encoding="UTF-8"?>
<robot generator="Robot 6.1.1 (Python 3.8.10 on linux)" generated="20241017 14:37:11.070" rpa="false" schemaversion="4">
<suite id="s1" name="VVDN Icon Aug 13" source="/home/vvdn13346/Downloads/VVDN_Icon_Robot_Framework/VVDN_Icon_Aug_13">
<suite id="s1-s1" name="VVDN Icon" source="/home/vvdn13346/Downloads/VVDN_Icon_Robot_Framework/VVDN_Icon_Aug_13/VVDN_Icon">
<suite id="s1-s1-s1" name="TestCases" source="/home/vvdn13346/Downloads/VVDN_Icon_Robot_Framework/VVDN_Icon_Aug_13/VVDN_Icon/TestCases">
<suite id="s1-s1-s1-s1" name="Main file" source="/home/vvdn13346/Downloads/VVDN_Icon_Robot_Framework/VVDN_Icon_Aug_13/VVDN_Icon/TestCases/Main_file.robot">
<kw name="Open My Browser" library="inital_setup" type="SETUP">
<kw name="Setup Chrome Driver" library="setup">
<msg timestamp="20241017 14:37:11.250" level="INFO">====== WebDriver manager ======</msg>
<msg timestamp="20241017 14:37:11.300" level="INFO">Get LATEST chromedriver version for google-chrome</msg>
<msg timestamp="20241017 14:37:11.462" level="INFO">Get LATEST chromedriver version for google-chrome</msg>
<msg timestamp="20241017 14:37:11.678" level="INFO">Driver [/home/vvdn13346/.wdm/drivers/chromedriver/linux64/129.0.6668.100/chromedriver-linux64/chromedriver] found in cache</msg>
<status status="PASS" starttime="20241017 14:37:11.250" endtime="20241017 14:37:12.370"/>
</kw>
<kw name="Go To" library="SeleniumLibrary">
<arg>${url}</arg>
<doc>Navigates the current browser window to the provided ``url``.</doc>
<msg timestamp="20241017 14:37:12.371" level="INFO">Opening url 'https://ice2.vvdnice.com/'</msg>
<status status="PASS" starttime="20241017 14:37:12.370" endtime="20241017 14:37:16.147"/>
</kw>
<kw name="Maximize Browser Window" library="SeleniumLibrary">
<doc>Maximizes current browser window.</doc>
<status status="PASS" starttime="20241017 14:37:16.147" endtime="20241017 14:37:16.160"/>
</kw>
<kw name="Wait Until Page Contains Element" library="SeleniumLibrary">
<arg>${verify_login_page_1}</arg>
<doc>Waits until the element ``locator`` appears on the current page.</doc>
<status status="PASS" starttime="20241017 14:37:16.160" endtime="20241017 14:37:16.606"/>
</kw>
<status status="PASS" starttime="20241017 14:37:11.250" endtime="20241017 14:37:16.606"/>
</kw>
<test id="s1-s1-s1-s1-t1" name="Tc_1 Forgot password test" line="11">
<kw name="Set Selenium Speed" library="SeleniumLibrary">
<arg>1</arg>
<doc>Sets the delay that is waited after each Selenium command.</doc>
<status status="PASS" starttime="20241017 14:37:16.608" endtime="20241017 14:37:16.609"/>
</kw>
<kw name="Forgot_password" library="Login_cases">
<kw name="Wait Until Page Contains Element" library="SeleniumLibrary">
<arg>${Forgot password}</arg>
<doc>Waits until the element ``locator`` appears on the current page.</doc>
<status status="PASS" starttime="20241017 14:37:16.610" endtime="20241017 14:37:17.631"/>
</kw>
<status status="PASS" starttime="20241017 14:37:16.609" endtime="20241017 14:37:17.631"/>
</kw>
<status status="PASS" starttime="20241017 14:37:16.606" endtime="20241017 14:37:17.631"/>
</test>
<test id="s1-s1-s1-s1-t2" name="Tc_2 Forgot passowrd page test" line="14">
<kw name="Set Selenium Speed" library="SeleniumLibrary">
<arg>1</arg>
<doc>Sets the delay that is waited after each Selenium command.</doc>
<status status="PASS" starttime="20241017 14:37:17.633" endtime="20241017 14:37:17.634"/>
</kw>
<kw name="Verify_Forgot_password_page" library="Login_cases">
<kw name="Wait Until Page Contains Element" library="SeleniumLibrary">
<arg>${Forgot password}</arg>
<doc>Waits until the element ``locator`` appears on the current page.</doc>
<status status="PASS" starttime="20241017 14:37:17.634" endtime="20241017 14:37:18.650"/>
</kw>
<kw name="Click Element" library="SeleniumLibrary">
<arg>${Forgot password}</arg>
<doc>Click the element identified by ``locator``.</doc>
<msg timestamp="20241017 14:37:18.651" level="INFO">Clicking element '//span[text()='Forgot Password? ']'.</msg>
<status status="PASS" starttime="20241017 14:37:18.650" endtime="20241017 14:37:20.726"/>
</kw>
<kw name="Wait Until Page Contains Element" library="SeleniumLibrary">
<arg>${verify_forgot password_page}</arg>
<doc>Waits until the element ``locator`` appears on the current page.</doc>
<status status="PASS" starttime="20241017 14:37:20.726" endtime="20241017 14:37:21.750"/>
</kw>
<kw name="Wait Until Page Contains Element" library="SeleniumLibrary">
<arg>${reset_password_cancel}</arg>
<doc>Waits until the element ``locator`` appears on the current page.</doc>
<status status="PASS" starttime="20241017 14:37:21.751" endtime="20241017 14:37:22.770"/>
</kw>
<kw name="Click Element" library="SeleniumLibrary">
<arg>${reset_password_cancel}</arg>
<doc>Click the element identified by ``locator``.</doc>
<msg timestamp="20241017 14:37:22.771" level="INFO">Clicking element '//span[text()=' Cancel ']'.</msg>
<status status="PASS" starttime="20241017 14:37:22.770" endtime="20241017 14:37:24.833"/>
</kw>
<status status="PASS" starttime="20241017 14:37:17.634" endtime="20241017 14:37:24.834"/>
</kw>
<status status="PASS" starttime="20241017 14:37:17.632" endtime="20241017 14:37:24.834"/>
</test>
<test id="s1-s1-s1-s1-t3" name="Tc_3 Login" line="17">
<kw name="Set Selenium Speed" library="SeleniumLibrary">
<arg>1</arg>
<doc>Sets the delay that is waited after each Selenium command.</doc>
<status status="PASS" starttime="20241017 14:37:24.836" endtime="20241017 14:37:24.836"/>
</kw>
<kw name="Login_cases_to_dashboard" library="Login_cases">
<kw name="Wait Until Element Is Visible" library="SeleniumLibrary">
<arg>${UserName_xpath}</arg>
<doc>Waits until the element ``locator`` is visible.</doc>
<status status="PASS" starttime="20241017 14:37:24.837" endtime="20241017 14:37:26.889"/>
</kw>
<kw name="Input Text" library="SeleniumLibrary">
<arg>${UserName_xpath}</arg>
<arg>${User_name}</arg>
<doc>Types the given ``text`` into the text field identified by ``locator``.</doc>
<msg timestamp="20241017 14:37:26.890" level="INFO">Typing text 'tenant@vvdntech.in' into text field '//input[@id="username-input"]'.</msg>
<status status="PASS" starttime="20241017 14:37:26.889" endtime="20241017 14:37:30.006"/>
</kw>
<kw name="Wait Until Element Is Visible" library="SeleniumLibrary">
<arg>${Passward_xpath}</arg>
<doc>Waits until the element ``locator`` is visible.</doc>
<status status="PASS" starttime="20241017 14:37:30.006" endtime="20241017 14:37:32.052"/>
</kw>
<kw name="Input Password" library="SeleniumLibrary">
<arg>${Passward_xpath}</arg>
<arg>${Password}</arg>
<doc>Types the given password into the text field identified by ``locator``.</doc>
<msg timestamp="20241017 14:37:32.054" level="INFO">Typing password into text field '//input[@id="password-input"]'.</msg>
<msg timestamp="20241017 14:37:34.092" level="INFO">Temporally setting log level to: NONE</msg>
<msg timestamp="20241017 14:37:35.141" level="INFO">Log level changed from NONE to INFO.</msg>
<status status="PASS" starttime="20241017 14:37:32.053" endtime="20241017 14:37:35.141"/>
</kw>
<kw name="Click Element" library="SeleniumLibrary">
<arg>${Login_button}</arg>
<doc>Click the element identified by ``locator``.</doc>
<msg timestamp="20241017 14:37:35.142" level="INFO">Clicking element '//span[text()="Login"]'.</msg>
<status status="PASS" starttime="20241017 14:37:35.141" endtime="20241017 14:37:37.194"/>
</kw>
<kw name="Wait Until Page Contains Element" library="SeleniumLibrary">
<arg>${Verify_Login}</arg>
<arg>1000</arg>
<doc>Waits until the element ``locator`` appears on the current page.</doc>
<status status="PASS" starttime="20241017 14:37:37.195" endtime="20241017 14:37:39.432"/>
</kw>
<status status="PASS" starttime="20241017 14:37:24.836" endtime="20241017 14:37:39.433"/>
</kw>
<status status="PASS" starttime="20241017 14:37:24.835" endtime="20241017 14:37:39.433"/>
</test>
<test id="s1-s1-s1-s1-t4" name="Tc_4 HomepageDashbaord_Validation" line="21">
<kw name="Set Selenium Speed" library="SeleniumLibrary">
<arg>1</arg>
<doc>Sets the delay that is waited after each Selenium command.</doc>
<status status="PASS" starttime="20241017 14:37:39.435" endtime="20241017 14:37:39.435"/>
</kw>
<kw name="Homepage" library="Dashboard">
<doc>Navigate to the Homepage and ensure it is loaded.</doc>
<kw name="Wait Until Page Contains Element" library="SeleniumLibrary">
<arg>${homepage}</arg>
<doc>Waits until the element ``locator`` appears on the current page.</doc>
<status status="PASS" starttime="20241017 14:37:39.436" endtime="20241017 14:37:40.456"/>
</kw>
<status status="PASS" starttime="20241017 14:37:39.436" endtime="20241017 14:37:40.456"/>
</kw>
<status status="PASS" starttime="20241017 14:37:39.434" endtime="20241017 14:37:40.457"/>
</test>
<test id="s1-s1-s1-s1-t5" name="Tc_5 HomepageCustomer_Validation" line="24">
<kw name="Set Selenium Speed" library="SeleniumLibrary">
<arg>1</arg>
<doc>Sets the delay that is waited after each Selenium command.</doc>
<status status="PASS" starttime="20241017 14:37:40.458" endtime="20241017 14:37:40.459"/>
</kw>
<kw name="Customers" library="Dashboard">
<doc>Navigate to the Customers section and ensure it is loaded.</doc>
<kw name="Click Element" library="SeleniumLibrary">
<arg>${Customers}</arg>
<doc>Click the element identified by ``locator``.</doc>
<msg timestamp="20241017 14:37:40.461" level="INFO">Clicking element '//span[text()='Customers']'.</msg>
<status status="PASS" starttime="20241017 14:37:40.460" endtime="20241017 14:37:42.567"/>
</kw>
<kw name="Wait Until Page Contains Element" library="SeleniumLibrary">
<arg>${Customers_Page}</arg>
<doc>Waits until the element ``locator`` appears on the current page.</doc>
<status status="PASS" starttime="20241017 14:37:42.567" endtime="20241017 14:37:43.591"/>
</kw>
<status status="PASS" starttime="20241017 14:37:40.459" endtime="20241017 14:37:43.591"/>
</kw>
<status status="PASS" starttime="20241017 14:37:40.457" endtime="20241017 14:37:43.591"/>
</test>
<test id="s1-s1-s1-s1-t6" name="Tc_6 HomepageAssets_Validation" line="27">
<kw name="Set Selenium Speed" library="SeleniumLibrary">
<arg>1</arg>
<doc>Sets the delay that is waited after each Selenium command.</doc>
<status status="PASS" starttime="20241017 14:37:43.593" endtime="20241017 14:37:43.593"/>
</kw>
<kw name="Assets" library="Dashboard">
<doc>Navigate to the Assets section and ensure it is loaded.</doc>
<kw name="Click Element" library="SeleniumLibrary">
<arg>${Assets}</arg>
<doc>Click the element identified by ``locator``.</doc>
<msg timestamp="20241017 14:37:43.594" level="INFO">Clicking element '//span[text()='Assets']'.</msg>
<status status="PASS" starttime="20241017 14:37:43.594" endtime="20241017 14:37:45.696"/>
</kw>
<kw name="Wait Until Page Contains Element" library="SeleniumLibrary">
<arg>${Assets_Page}</arg>
<doc>Waits until the element ``locator`` appears on the current page.</doc>
<status status="PASS" starttime="20241017 14:37:45.697" endtime="20241017 14:37:46.721"/>
</kw>
<status status="PASS" starttime="20241017 14:37:43.594" endtime="20241017 14:37:46.722"/>
</kw>
<status status="PASS" starttime="20241017 14:37:43.592" endtime="20241017 14:37:46.722"/>
</test>
<test id="s1-s1-s1-s1-t7" name="Tc_7 HomepageDashboard_Validation" line="33">
<kw name="Set Selenium Speed" library="SeleniumLibrary">
<arg>1</arg>
<doc>Sets the delay that is waited after each Selenium command.</doc>
<status status="PASS" starttime="20241017 14:37:46.724" endtime="20241017 14:37:46.724"/>
</kw>
<kw name="Dashboards" library="Dashboard">
<doc>Navigate to the Dashboards section and ensure it is loaded.</doc>
<kw name="Click Element" library="SeleniumLibrary">
<arg>${Dashboards}</arg>
<doc>Click the element identified by ``locator``.</doc>
<msg timestamp="20241017 14:37:46.725" level="INFO">Clicking element '//span[text()='Dashboards']'.</msg>
<status status="PASS" starttime="20241017 14:37:46.725" endtime="20241017 14:37:48.808"/>
</kw>
<kw name="Wait Until Page Contains Element" library="SeleniumLibrary">
<arg>${Dashboards_Page}</arg>
<doc>Waits until the element ``locator`` appears on the current page.</doc>
<status status="PASS" starttime="20241017 14:37:48.809" endtime="20241017 14:37:49.832"/>
</kw>
<status status="PASS" starttime="20241017 14:37:46.724" endtime="20241017 14:37:49.833"/>
</kw>
<status status="PASS" starttime="20241017 14:37:46.723" endtime="20241017 14:37:49.833"/>
</test>
<test id="s1-s1-s1-s1-t8" name="Tc_8 Create Customer" line="71">
<kw name="Open Customer" library="Customer_creation_delete">
<doc>Navigate to the Customer section and ensure it is loaded.</doc>
<kw name="Log" library="BuiltIn">
<arg>Opening Customer Section</arg>
<arg>${log_level}</arg>
<doc>Logs the given message with the given level.</doc>
<msg timestamp="20241017 14:37:49.836" level="INFO">Opening Customer Section</msg>
<status status="PASS" starttime="20241017 14:37:49.835" endtime="20241017 14:37:49.836"/>
</kw>
<kw name="Log To Console" library="BuiltIn">
<arg>Opening Customer Section</arg>
<doc>Logs the given message to the console.</doc>
<status status="PASS" starttime="20241017 14:37:49.836" endtime="20241017 14:37:49.836"/>
</kw>
<kw name="Click Element" library="SeleniumLibrary">
<arg>${Customers}</arg>
<doc>Click the element identified by ``locator``.</doc>
<msg timestamp="20241017 14:37:49.837" level="INFO">Clicking element '//span[text()='Customers']'.</msg>
<status status="PASS" starttime="20241017 14:37:49.836" endtime="20241017 14:37:51.938"/>
</kw>
<status status="PASS" starttime="20241017 14:37:49.835" endtime="20241017 14:37:51.938"/>
</kw>
<kw name="Create Customer" library="Customer_creation_delete">
<doc>To create a new customer.</doc>
<kw name="Log" library="BuiltIn">
<arg>Creating a new customer</arg>
<arg>${log_level}</arg>
<doc>Logs the given message with the given level.</doc>
<msg timestamp="20241017 14:37:51.940" level="INFO">Creating a new customer</msg>
<status status="PASS" starttime="20241017 14:37:51.940" endtime="20241017 14:37:51.940"/>
</kw>
<kw name="Log To Console" library="BuiltIn">
<arg>Creating a new customer</arg>
<doc>Logs the given message to the console.</doc>
<status status="PASS" starttime="20241017 14:37:51.941" endtime="20241017 14:37:51.941"/>
</kw>
<kw name="Click Element" library="SeleniumLibrary">
<arg>${add_customer}</arg>
<doc>Click the element identified by ``locator``.</doc>
<msg timestamp="20241017 14:37:51.942" level="INFO">Clicking element '(//button[@mattooltipposition='above'])[3]'.</msg>
<status status="PASS" starttime="20241017 14:37:51.941" endtime="20241017 14:37:54.106"/>
</kw>
<kw name="Log" library="BuiltIn">
<arg>Clicking title input field</arg>
<arg>${log_level}</arg>
<doc>Logs the given message with the given level.</doc>
<msg timestamp="20241017 14:37:54.107" level="INFO">Clicking title input field</msg>
<status status="PASS" starttime="20241017 14:37:54.106" endtime="20241017 14:37:54.107"/>
</kw>
<kw name="Log To Console" library="BuiltIn">
<arg>Clicking title input field</arg>
<doc>Logs the given message to the console.</doc>
<status status="PASS" starttime="20241017 14:37:54.107" endtime="20241017 14:37:54.108"/>
</kw>
<kw name="Click Element" library="SeleniumLibrary">
<arg>${title_input_field}</arg>
<doc>Click the element identified by ``locator``.</doc>
<msg timestamp="20241017 14:37:54.109" level="INFO">Clicking element '//input[@formcontrolname='title']'.</msg>
<status status="PASS" starttime="20241017 14:37:54.108" endtime="20241017 14:37:56.184"/>
</kw>
<kw name="Log" library="BuiltIn">
<arg>Inputting customer title</arg>
<arg>${log_level}</arg>
<doc>Logs the given message with the given level.</doc>
<msg timestamp="20241017 14:37:56.185" level="INFO">Inputting customer title</msg>
<status status="PASS" starttime="20241017 14:37:56.185" endtime="20241017 14:37:56.185"/>
</kw>
<kw name="Log To Console" library="BuiltIn">
<arg>Inputting customer title</arg>
<doc>Logs the given message to the console.</doc>
<status status="PASS" starttime="20241017 14:37:56.186" endtime="20241017 14:37:56.186"/>
</kw>
<kw name="Input Text" library="SeleniumLibrary">
<arg>${title_input_field}</arg>
<arg>${customer_created_title_name}</arg>
<doc>Types the given ``text`` into the text field identified by ``locator``.</doc>
<msg timestamp="20241017 14:37:56.187" level="INFO">Typing text 'Jon Doe' into text field '//input[@formcontrolname='title']'.</msg>
<status status="PASS" starttime="20241017 14:37:56.186" endtime="20241017 14:37:59.271"/>
</kw>
<kw name="Log" library="BuiltIn">
<arg>Inputting description</arg>
<arg>${log_level}</arg>
<doc>Logs the given message with the given level.</doc>
<msg timestamp="20241017 14:37:59.272" level="INFO">Inputting description</msg>
<status status="PASS" starttime="20241017 14:37:59.272" endtime="20241017 14:37:59.272"/>
</kw>
<kw name="Log To Console" library="BuiltIn">
<arg>Inputting description</arg>
<doc>Logs the given message to the console.</doc>
<status status="PASS" starttime="20241017 14:37:59.273" endtime="20241017 14:37:59.273"/>
</kw>
<kw name="Click Element" library="SeleniumLibrary">
<arg>${description_input_field}</arg>
<doc>Click the element identified by ``locator``.</doc>
<msg timestamp="20241017 14:37:59.274" level="INFO">Clicking element '//textarea[@formcontrolname='description']'.</msg>
<status status="PASS" starttime="20241017 14:37:59.273" endtime="20241017 14:38:01.328"/>
</kw>
<kw name="Input Text" library="SeleniumLibrary">
<arg>${description_input_field}</arg>
<arg>test description</arg>
<doc>Types the given ``text`` into the text field identified by ``locator``.</doc>
<msg timestamp="20241017 14:38:01.330" level="INFO">Typing text 'test description' into text field '//textarea[@formcontrolname='description']'.</msg>
<status status="PASS" starttime="20241017 14:38:01.329" endtime="20241017 14:38:04.427"/>
</kw>
<kw name="Log" library="BuiltIn">
<arg>Selecting country</arg>
<arg>${log_level}</arg>
<doc>Logs the given message with the given level.</doc>
<msg timestamp="20241017 14:38:04.428" level="INFO">Selecting country</msg>
<status status="PASS" starttime="20241017 14:38:04.428" endtime="20241017 14:38:04.429"/>
</kw>
<kw name="Log To Console" library="BuiltIn">
<arg>Selecting country</arg>
<doc>Logs the given message to the console.</doc>
<status status="PASS" starttime="20241017 14:38:04.429" endtime="20241017 14:38:04.429"/>
</kw>
<kw name="Click Element" library="SeleniumLibrary">
<arg>${country_selection}</arg>
<doc>Click the element identified by ``locator``.</doc>
<msg timestamp="20241017 14:38:04.430" level="INFO">Clicking element '(//mat-select[@formcontrolname='country'])[1]'.</msg>
<status status="PASS" starttime="20241017 14:38:04.429" endtime="20241017 14:38:06.504"/>
</kw>
<kw name="Click Element" library="SeleniumLibrary">
<arg>${random_country_xpath}</arg>
<doc>Click the element identified by ``locator``.</doc>
<msg timestamp="20241017 14:38:06.506" level="INFO">Clicking element '//span[text()=' Afghanistan ']'.</msg>
<status status="PASS" starttime="20241017 14:38:06.505" endtime="20241017 14:38:08.575"/>
</kw>
<kw name="Log" library="BuiltIn">
<arg>Inputting city</arg>
<arg>${log_level}</arg>
<doc>Logs the given message with the given level.</doc>
<msg timestamp="20241017 14:38:08.576" level="INFO">Inputting city</msg>
<status status="PASS" starttime="20241017 14:38:08.576" endtime="20241017 14:38:08.576"/>
</kw>
<kw name="Log To Console" library="BuiltIn">
<arg>Inputting city</arg>
<doc>Logs the given message to the console.</doc>
<status status="PASS" starttime="20241017 14:38:08.577" endtime="20241017 14:38:08.577"/>
</kw>
<kw name="Click Element" library="SeleniumLibrary">
<arg>${city_input_field}</arg>
<doc>Click the element identified by ``locator``.</doc>
<msg timestamp="20241017 14:38:08.578" level="INFO">Clicking element '//input[@formcontrolname='city']'.</msg>
<status status="PASS" starttime="20241017 14:38:08.577" endtime="20241017 14:38:10.648"/>
</kw>
<kw name="Input Text" library="SeleniumLibrary">
<arg>${city_input_field}</arg>
<arg>Herat</arg>
<doc>Types the given ``text`` into the text field identified by ``locator``.</doc>
<msg timestamp="20241017 14:38:10.650" level="INFO">Typing text 'Herat' into text field '//input[@formcontrolname='city']'.</msg>
<status status="PASS" starttime="20241017 14:38:10.649" endtime="20241017 14:38:13.739"/>
</kw>
<kw name="Log" library="BuiltIn">
<arg>Inputting state</arg>
<arg>${log_level}</arg>
<doc>Logs the given message with the given level.</doc>
<msg timestamp="20241017 14:38:13.740" level="INFO">Inputting state</msg>
<status status="PASS" starttime="20241017 14:38:13.740" endtime="20241017 14:38:13.740"/>
</kw>
<kw name="Log To Console" library="BuiltIn">
<arg>Inputting state</arg>
<doc>Logs the given message to the console.</doc>
<status status="PASS" starttime="20241017 14:38:13.741" endtime="20241017 14:38:13.741"/>
</kw>
<kw name="Click Element" library="SeleniumLibrary">
<arg>${state_province_input_field}</arg>
<doc>Click the element identified by ``locator``.</doc>
<msg timestamp="20241017 14:38:13.742" level="INFO">Clicking element '//input[@formcontrolname='state']'.</msg>
<status status="PASS" starttime="20241017 14:38:13.741" endtime="20241017 14:38:15.803"/>
</kw>
<kw name="Input Text" library="SeleniumLibrary">
<arg>${state_province_input_field}</arg>
<arg>Farah</arg>
<doc>Types the given ``text`` into the text field identified by ``locator``.</doc>
<msg timestamp="20241017 14:38:15.804" level="INFO">Typing text 'Farah' into text field '//input[@formcontrolname='state']'.</msg>
<status status="PASS" starttime="20241017 14:38:15.803" endtime="20241017 14:38:18.906"/>
</kw>
<kw name="Log" library="BuiltIn">
<arg>Inputting postal code</arg>
<arg>${log_level}</arg>
<doc>Logs the given message with the given level.</doc>
<msg timestamp="20241017 14:38:18.907" level="INFO">Inputting postal code</msg>
<status status="PASS" starttime="20241017 14:38:18.906" endtime="20241017 14:38:18.907"/>
</kw>
<kw name="Log To Console" library="BuiltIn">
<arg>Inputting postal code</arg>
<doc>Logs the given message to the console.</doc>
<status status="PASS" starttime="20241017 14:38:18.907" endtime="20241017 14:38:18.907"/>
</kw>
<kw name="Click Element" library="SeleniumLibrary">
<arg>${zip_postalcode_input_field}</arg>
<doc>Click the element identified by ``locator``.</doc>
<msg timestamp="20241017 14:38:18.908" level="INFO">Clicking element '//input[@formcontrolname='zip']'.</msg>
<status status="PASS" starttime="20241017 14:38:18.907" endtime="20241017 14:38:20.980"/>
</kw>
<kw name="Input Text" library="SeleniumLibrary">
<arg>${zip_postalcode_input_field}</arg>
<arg>123456</arg>
<doc>Types the given ``text`` into the text field identified by ``locator``.</doc>
<msg timestamp="20241017 14:38:20.981" level="INFO">Typing text '123456' into text field '//input[@formcontrolname='zip']'.</msg>
<status status="PASS" starttime="20241017 14:38:20.980" endtime="20241017 14:38:24.076"/>
</kw>
<kw name="Log" library="BuiltIn">
<arg>Inputting address</arg>
<arg>${log_level}</arg>
<doc>Logs the given message with the given level.</doc>
<msg timestamp="20241017 14:38:24.077" level="INFO">Inputting address</msg>
<status status="PASS" starttime="20241017 14:38:24.077" endtime="20241017 14:38:24.077"/>
</kw>
<kw name="Log To Console" library="BuiltIn">
<arg>Inputting address</arg>
<doc>Logs the given message to the console.</doc>
<status status="PASS" starttime="20241017 14:38:24.078" endtime="20241017 14:38:24.078"/>
</kw>
<kw name="Click Element" library="SeleniumLibrary">
<arg>${address1_input_field}</arg>
<doc>Click the element identified by ``locator``.</doc>
<msg timestamp="20241017 14:38:24.079" level="INFO">Clicking element '//input[@formcontrolname='address']'.</msg>
<status status="PASS" starttime="20241017 14:38:24.078" endtime="20241017 14:38:26.154"/>
</kw>
<kw name="Input Text" library="SeleniumLibrary">
<arg>${address1_input_field}</arg>
<arg>123 main st</arg>
<doc>Types the given ``text`` into the text field identified by ``locator``.</doc>
<msg timestamp="20241017 14:38:26.155" level="INFO">Typing text '123 main st' into text field '//input[@formcontrolname='address']'.</msg>
<status status="PASS" starttime="20241017 14:38:26.154" endtime="20241017 14:38:29.244"/>
</kw>
<kw name="Log" library="BuiltIn">
<arg>Inputting phone number</arg>
<arg>${log_level}</arg>
<doc>Logs the given message with the given level.</doc>
<msg timestamp="20241017 14:38:29.245" level="INFO">Inputting phone number</msg>
<status status="PASS" starttime="20241017 14:38:29.245" endtime="20241017 14:38:29.246"/>
</kw>
<kw name="Log To Console" library="BuiltIn">
<arg>Inputting phone number</arg>
<doc>Logs the given message to the console.</doc>
<status status="PASS" starttime="20241017 14:38:29.246" endtime="20241017 14:38:29.246"/>
</kw>
<kw name="Click Element" library="SeleniumLibrary">
<arg>${phone_number_input_field}</arg>
<doc>Click the element identified by ``locator``.</doc>
<msg timestamp="20241017 14:38:29.247" level="INFO">Clicking element '//input[@formcontrolname='phoneNumber']'.</msg>
<status status="PASS" starttime="20241017 14:38:29.247" endtime="20241017 14:38:31.323"/>
</kw>
<kw name="Input Text" library="SeleniumLibrary">
<arg>${phone_number_input_field}</arg>
<arg>+12015550112</arg>
<doc>Types the given ``text`` into the text field identified by ``locator``.</doc>
<msg timestamp="20241017 14:38:31.325" level="INFO">Typing text '+12015550112' into text field '//input[@formcontrolname='phoneNumber']'.</msg>
<status status="PASS" starttime="20241017 14:38:31.324" endtime="20241017 14:38:34.451"/>
</kw>
<kw name="Log" library="BuiltIn">
<arg>Inputting email</arg>
<arg>${log_level}</arg>
<doc>Logs the given message with the given level.</doc>
<msg timestamp="20241017 14:38:34.452" level="INFO">Inputting email</msg>
<status status="PASS" starttime="20241017 14:38:34.451" endtime="20241017 14:38:34.452"/>
</kw>
<kw name="Log To Console" library="BuiltIn">
<arg>Inputting email</arg>
<doc>Logs the given message to the console.</doc>
<status status="PASS" starttime="20241017 14:38:34.452" endtime="20241017 14:38:34.452"/>
</kw>
<kw name="Click Element" library="SeleniumLibrary">
<arg>${email_input_field}</arg>
<doc>Click the element identified by ``locator``.</doc>
<msg timestamp="20241017 14:38:34.453" level="INFO">Clicking element '//input[@formcontrolname='email']'.</msg>
<status status="PASS" starttime="20241017 14:38:34.453" endtime="20241017 14:38:36.519"/>
</kw>
<kw name="Input Text" library="SeleniumLibrary">
<arg>${email_input_field}</arg>
<arg>test@vvdntest.com</arg>
<doc>Types the given ``text`` into the text field identified by ``locator``.</doc>
<msg timestamp="20241017 14:38:36.521" level="INFO">Typing text 'test@vvdntest.com' into text field '//input[@formcontrolname='email']'.</msg>
<status status="PASS" starttime="20241017 14:38:36.520" endtime="20241017 14:38:39.639"/>
</kw>
<kw name="Log" library="BuiltIn">
<arg>Clicking submit button (using JavaScript)</arg>
<arg>${log_level}</arg>
<doc>Logs the given message with the given level.</doc>
<msg timestamp="20241017 14:38:39.640" level="INFO">Clicking submit button (using JavaScript)</msg>
<status status="PASS" starttime="20241017 14:38:39.639" endtime="20241017 14:38:39.640"/>
</kw>
<kw name="Log To Console" library="BuiltIn">
<arg>Clicking submit button (using JavaScript)</arg>
<doc>Logs the given message to the console.</doc>
<status status="PASS" starttime="20241017 14:38:39.640" endtime="20241017 14:38:39.640"/>
</kw>
<kw name="Execute Javascript" library="SeleniumLibrary">
<arg>Array.from(document.querySelectorAll('button.mat-primary')).find(el =&gt; el.textContent.includes(' Add ')).click()</arg>
<doc>Executes the given JavaScript code with possible arguments.</doc>
<msg timestamp="20241017 14:38:39.642" level="INFO">Executing JavaScript:
Array.from(document.querySelectorAll('button.mat-primary')).find(el =&gt; el.textContent.includes(' Add ')).click()
Without any arguments.</msg>
<status status="PASS" starttime="20241017 14:38:39.641" endtime="20241017 14:38:40.682"/>
</kw>
<status status="PASS" starttime="20241017 14:37:51.939" endtime="20241017 14:38:40.682"/>
</kw>
<status status="PASS" starttime="20241017 14:37:49.834" endtime="20241017 14:38:40.683"/>
</test>
<test id="s1-s1-s1-s1-t9" name="Tc_9 Search Customer" line="75">
<kw name="Search Customer" library="Customer_creation_delete">
<doc>Search for a customer by name.</doc>
<kw name="Log" library="BuiltIn">
<arg>Searching for customer</arg>
<arg>${log_level}</arg>
<doc>Logs the given message with the given level.</doc>
<msg timestamp="20241017 14:38:40.685" level="INFO">Searching for customer</msg>
<status status="PASS" starttime="20241017 14:38:40.685" endtime="20241017 14:38:40.685"/>
</kw>
<kw name="Log To Console" library="BuiltIn">
<arg>Searching for customer</arg>
<doc>Logs the given message to the console.</doc>
<status status="PASS" starttime="20241017 14:38:40.686" endtime="20241017 14:38:40.686"/>
</kw>
<kw name="Sleep" library="BuiltIn">
<arg>2s</arg>
<doc>Pauses the test executed for the given time.</doc>
<msg timestamp="20241017 14:38:42.687" level="INFO">Slept 2 seconds</msg>
<status status="PASS" starttime="20241017 14:38:40.686" endtime="20241017 14:38:42.687"/>
</kw>
<kw name="Reload Page" library="SeleniumLibrary">
<doc>Simulates user reloading page.</doc>
<status status="PASS" starttime="20241017 14:38:42.687" endtime="20241017 14:38:44.416"/>
</kw>
<kw name="Log" library="BuiltIn">
<arg>Waiting for search button</arg>
<arg>${log_level}</arg>
<doc>Logs the given message with the given level.</doc>
<msg timestamp="20241017 14:38:44.417" level="INFO">Waiting for search button</msg>
<status status="PASS" starttime="20241017 14:38:44.417" endtime="20241017 14:38:44.417"/>
</kw>
<kw name="Log To Console" library="BuiltIn">
<arg>Waiting for search button</arg>
<doc>Logs the given message to the console.</doc>
<status status="PASS" starttime="20241017 14:38:44.418" endtime="20241017 14:38:44.418"/>
</kw>
<kw name="Wait Until Page Contains Element" library="SeleniumLibrary">
<arg>${search_button_on_customer_page}</arg>
<doc>Waits until the element ``locator`` appears on the current page.</doc>
<status status="PASS" starttime="20241017 14:38:44.418" endtime="20241017 14:38:45.444"/>
</kw>
<kw name="Click Element" library="SeleniumLibrary">
<arg>${search_button_on_customer_page}</arg>
<doc>Click the element identified by ``locator``.</doc>
<msg timestamp="20241017 14:38:45.446" level="INFO">Clicking element '(//button/span[@class='mat-button-wrapper'])[8]'.</msg>
<status status="PASS" starttime="20241017 14:38:45.445" endtime="20241017 14:38:47.529"/>
</kw>
<kw name="Log" library="BuiltIn">
<arg>Inputting customer name in search</arg>
<arg>${log_level}</arg>
<doc>Logs the given message with the given level.</doc>
<msg timestamp="20241017 14:38:47.530" level="INFO">Inputting customer name in search</msg>
<status status="PASS" starttime="20241017 14:38:47.530" endtime="20241017 14:38:47.530"/>
</kw>
<kw name="Log To Console" library="BuiltIn">
<arg>Inputting customer name in search</arg>
<doc>Logs the given message to the console.</doc>
<status status="PASS" starttime="20241017 14:38:47.531" endtime="20241017 14:38:47.531"/>
</kw>
<kw name="Click Element" library="SeleniumLibrary">
<arg>${search_customer_input_field}</arg>
<doc>Click the element identified by ``locator``.</doc>
<msg timestamp="20241017 14:38:47.532" level="INFO">Clicking element '//input[@data-placeholder='Search customers']'.</msg>
<status status="PASS" starttime="20241017 14:38:47.531" endtime="20241017 14:38:49.587"/>
</kw>
<kw name="Input Text" library="SeleniumLibrary">
<arg>${search_customer_input_field}</arg>
<arg>${customer_created_title_name}</arg>
<doc>Types the given ``text`` into the text field identified by ``locator``.</doc>
<msg timestamp="20241017 14:38:49.588" level="INFO">Typing text 'Jon Doe' into text field '//input[@data-placeholder='Search customers']'.</msg>
<status status="PASS" starttime="20241017 14:38:49.587" endtime="20241017 14:38:52.688"/>
</kw>
<kw name="Wait Until Page Contains Element" library="SeleniumLibrary">
<arg>//span[text()="${customer_created_title_name}"]</arg>
<doc>Waits until the element ``locator`` appears on the current page.</doc>
<status status="PASS" starttime="20241017 14:38:52.689" endtime="20241017 14:38:53.710"/>
</kw>
<status status="PASS" starttime="20241017 14:38:40.684" endtime="20241017 14:38:53.710"/>
</kw>
<status status="PASS" starttime="20241017 14:38:40.683" endtime="20241017 14:38:53.710"/>
</test>
<test id="s1-s1-s1-s1-t10" name="Tc_10 Delete Customer" line="78">
<kw name="Delete Customer" library="Customer_creation_delete">
<doc>Delete a customer by name.</doc>
<kw name="Log" library="BuiltIn">
<arg>Deleting customer</arg>
<arg>${log_level}</arg>
<doc>Logs the given message with the given level.</doc>
<msg timestamp="20241017 14:38:53.713" level="INFO">Deleting customer</msg>
<status status="PASS" starttime="20241017 14:38:53.712" endtime="20241017 14:38:53.713"/>
</kw>
<kw name="Log To Console" library="BuiltIn">
<arg>Deleting customer</arg>
<doc>Logs the given message to the console.</doc>
<status status="PASS" starttime="20241017 14:38:53.713" endtime="20241017 14:38:53.713"/>
</kw>
<kw name="Click Element" library="SeleniumLibrary">
<arg>${delete_button_on_customer_page}</arg>
<doc>Click the element identified by ``locator``.</doc>
<msg timestamp="20241017 14:38:53.715" level="INFO">Clicking element '(//button[@class='mat-focus-indicator mat-icon-button mat-button-base ng-star-inserted'])[6]'.</msg>
<status status="PASS" starttime="20241017 14:38:53.714" endtime="20241017 14:38:55.789"/>
</kw>
<kw name="Sleep" library="BuiltIn">
<arg>2s</arg>
<doc>Pauses the test executed for the given time.</doc>
<msg timestamp="20241017 14:38:57.790" level="INFO">Slept 2 seconds</msg>
<status status="PASS" starttime="20241017 14:38:55.790" endtime="20241017 14:38:57.791"/>
</kw>
<kw name="Log" library="BuiltIn">
<arg>Confirming delete in popup</arg>
<arg>${log_level}</arg>
<doc>Logs the given message with the given level.</doc>
<msg timestamp="20241017 14:38:57.792" level="INFO">Confirming delete in popup</msg>
<status status="PASS" starttime="20241017 14:38:57.791" endtime="20241017 14:38:57.792"/>
</kw>
<kw name="Log To Console" library="BuiltIn">
<arg>Confirming delete in popup</arg>
<doc>Logs the given message to the console.</doc>
<status status="PASS" starttime="20241017 14:38:57.792" endtime="20241017 14:38:57.792"/>
</kw>
<kw name="Wait Until Page Contains Element" library="SeleniumLibrary">
<arg>${delete_button_pop_up_yes}</arg>
<doc>Waits until the element ``locator`` appears on the current page.</doc>
<status status="PASS" starttime="20241017 14:38:57.792" endtime="20241017 14:38:58.816"/>
</kw>
<kw name="Click Element" library="SeleniumLibrary">
<arg>${delete_button_pop_up_yes}</arg>
<doc>Click the element identified by ``locator``.</doc>
<msg timestamp="20241017 14:38:58.818" level="INFO">Clicking element '//span[text()='Yes']'.</msg>
<status status="PASS" starttime="20241017 14:38:58.817" endtime="20241017 14:39:00.870"/>
</kw>
<status status="PASS" starttime="20241017 14:38:53.712" endtime="20241017 14:39:00.870"/>
</kw>
<status status="PASS" starttime="20241017 14:38:53.711" endtime="20241017 14:39:00.871"/>
</test>
<test id="s1-s1-s1-s1-t11" name="Tc_11 Logout" line="82">
<kw name="Logout_option" library="Logout_functionality">
<kw name="Click Element" library="SeleniumLibrary">
<arg>${dropdown_account_for_logout}</arg>
<doc>Click the element identified by ``locator``.</doc>
<msg timestamp="20241017 14:39:00.874" level="INFO">Clicking element '(//mat-icon[@role='img'])[5]'.</msg>
<status status="PASS" starttime="20241017 14:39:00.873" endtime="20241017 14:39:02.924"/>
</kw>
<kw name="Wait Until Page Contains Element" library="SeleniumLibrary">
<arg>${logout}</arg>
<doc>Waits until the element ``locator`` appears on the current page.</doc>
<status status="PASS" starttime="20241017 14:39:02.925" endtime="20241017 14:39:03.950"/>
</kw>
<kw name="Click Element" library="SeleniumLibrary">
<arg>${logout}</arg>
<doc>Click the element identified by ``locator``.</doc>
<msg timestamp="20241017 14:39:03.951" level="INFO">Clicking element '//span[text()='Logout']'.</msg>
<status status="PASS" starttime="20241017 14:39:03.950" endtime="20241017 14:39:06.038"/>
</kw>
<kw name="Wait Until Page Contains" library="SeleniumLibrary">
<arg>Login</arg>
<doc>Waits until ``text`` appears on the current page.</doc>
<status status="PASS" starttime="20241017 14:39:06.038" endtime="20241017 14:39:07.064"/>
</kw>
<status status="PASS" starttime="20241017 14:39:00.872" endtime="20241017 14:39:07.064"/>
</kw>
<status status="PASS" starttime="20241017 14:39:00.871" endtime="20241017 14:39:07.065"/>
</test>
<kw name="Closing the browser" library="inital_setup" type="TEARDOWN">
<kw name="Close Browser" library="SeleniumLibrary">
<doc>Closes the current browser.</doc>
<status status="PASS" starttime="20241017 14:39:07.067" endtime="20241017 14:39:08.128"/>
</kw>
<status status="PASS" starttime="20241017 14:39:07.067" endtime="20241017 14:39:08.128"/>
</kw>
<status status="PASS" starttime="20241017 14:37:11.084" endtime="20241017 14:39:08.128"/>
</suite>
<status status="PASS" starttime="20241017 14:37:11.083" endtime="20241017 14:39:08.133"/>
</suite>
<status status="PASS" starttime="20241017 14:37:11.082" endtime="20241017 14:39:08.134"/>
</suite>
<status status="PASS" starttime="20241017 14:37:11.071" endtime="20241017 14:39:08.135"/>
</suite>
<statistics>
<total>
<stat pass="11" fail="0" skip="0">All Tests</stat>
</total>
<tag>
</tag>
<suite>
<stat pass="11" fail="0" skip="0" id="s1" name="VVDN Icon Aug 13">VVDN Icon Aug 13</stat>
<stat pass="11" fail="0" skip="0" id="s1-s1" name="VVDN Icon">VVDN Icon Aug 13.VVDN Icon</stat>
<stat pass="11" fail="0" skip="0" id="s1-s1-s1" name="TestCases">VVDN Icon Aug 13.VVDN Icon.TestCases</stat>
<stat pass="11" fail="0" skip="0" id="s1-s1-s1-s1" name="Main file">VVDN Icon Aug 13.VVDN Icon.TestCases.Main file</stat>
</suite>
</statistics>
<errors>
</errors>
</robot>
